This file contains any messages produced by compilers while
running configure, to aid debugging if configure makes a mistake.

It was created by mod_transform configure 0.7.0, which was
generated by GNU Autoconf 2.65.  Invocation command line was

  $ ./configure 

## --------- ##
## Platform. ##
## --------- ##

hostname = deus
uname -m = x86_64
uname -r = 2.6.39-hardened-r8-osl-x86_64-1
uname -s = Linux
uname -v = #1 SMP Sun Jul 31 04:55:30 UTC 2011

/usr/bin/uname -p = Intel(R) Xeon(R) CPU X3430 @ 2.40GHz
/bin/uname -X     = unknown

/bin/arch              = unknown
/usr/bin/arch -k       = unknown
/usr/convex/getsysinfo = unknown
/usr/bin/hostinfo      = unknown
/bin/machine           = unknown
/usr/bin/oslevel       = unknown
/bin/universe          = unknown

PATH: /root/bin
PATH: /usr/local/sbin
PATH: /usr/local/bin
PATH: /usr/sbin
PATH: /usr/bin
PATH: /sbin
PATH: /bin
PATH: /opt/bin
PATH: /usr/x86_64-pc-linux-gnu/gcc-bin/4.4.5


## ----------- ##
## Core tests. ##
## ----------- ##

configure:2336: checking whether to enable maintainer-specific portions of Makefiles
configure:2345: result: no
configure:2385: checking build system type
configure:2399: result: x86_64-unknown-linux-gnu
configure:2419: checking host system type
configure:2432: result: x86_64-unknown-linux-gnu
configure:2452: checking target system type
configure:2465: result: x86_64-unknown-linux-gnu
configure:2507: checking for a BSD-compatible install
configure:2575: result: /usr/bin/install -c
configure:2586: checking whether build environment is sane
configure:2636: result: yes
configure:2777: checking for a thread-safe mkdir -p
configure:2816: result: /bin/mkdir -p
configure:2829: checking for gawk
configure:2845: found /usr/bin/gawk
configure:2856: result: gawk
configure:2867: checking whether make sets $(MAKE)
configure:2889: result: yes
configure:3020: checking for gcc
configure:3036: found /usr/bin/gcc
configure:3047: result: gcc
configure:3276: checking for C compiler version
configure:3285: gcc --version >&5
gcc (Gentoo Hardened 4.4.5 p1.3, pie-0.4.5) 4.4.5
Copyright (C) 2010 Free Software Foundation, Inc.
This is free software; see the source for copying conditions.  There is NO
warranty; not even for MERCHANTABILITY or FITNESS FOR A PARTICULAR PURPOSE.

configure:3296: $? = 0
configure:3285: gcc -v >&5
Using built-in specs.
Target: x86_64-pc-linux-gnu
Configured with: /var/tmp/portage/sys-devel/gcc-4.4.5/work/gcc-4.4.5/configure --prefix=/usr --bindir=/usr/x86_64-pc-linux-gnu/gcc-bin/4.4.5 --includedir=/usr/lib/gcc/x86_64-pc-linux-gnu/4.4.5/include --datadir=/usr/share/gcc-data/x86_64-pc-linux-gnu/4.4.5 --mandir=/usr/share/gcc-data/x86_64-pc-linux-gnu/4.4.5/man --infodir=/usr/share/gcc-data/x86_64-pc-linux-gnu/4.4.5/info --with-gxx-include-dir=/usr/lib/gcc/x86_64-pc-linux-gnu/4.4.5/include/g++-v4 --host=x86_64-pc-linux-gnu --build=x86_64-pc-linux-gnu --disable-altivec --disable-fixed-point --without-ppl --without-cloog --enable-nls --without-included-gettext --with-system-zlib --disable-werror --enable-secureplt --enable-multilib --enable-libmudflap --disable-libssp --enable-esp --enable-libgomp --with-python-dir=/share/gcc-data/x86_64-pc-linux-gnu/4.4.5/python --enable-checking=release --disable-libgcj --enable-languages=c,c++ --enable-shared --enable-threads=posix --enable-__cxa_atexit --enable-clocale=gnu --with-bugurl=http://bugs.gentoo.org/ --with-pkgversion='Gentoo Hardened 4.4.5 p1.3, pie-0.4.5'
Thread model: posix
gcc version 4.4.5 (Gentoo Hardened 4.4.5 p1.3, pie-0.4.5) 
configure:3296: $? = 0
configure:3285: gcc -V >&5
gcc: '-V' option must have argument
configure:3296: $? = 1
configure:3285: gcc -qversion >&5
gcc: unrecognized option '-qversion'
gcc: no input files
configure:3296: $? = 1
configure:3316: checking whether the C compiler works
configure:3338: gcc    conftest.c  >&5
configure:3342: $? = 0
configure:3391: result: yes
configure:3394: checking for C compiler default output file name
configure:3396: result: a.out
configure:3402: checking for suffix of executables
configure:3409: gcc -o conftest    conftest.c  >&5
configure:3413: $? = 0
configure:3435: result: 
configure:3457: checking whether we are cross compiling
configure:3465: gcc -o conftest    conftest.c  >&5
configure:3469: $? = 0
configure:3476: ./conftest
configure:3480: $? = 0
configure:3495: result: no
configure:3500: checking for suffix of object files
configure:3522: gcc -c   conftest.c >&5
configure:3526: $? = 0
configure:3547: result: o
configure:3551: checking whether we are using the GNU C compiler
configure:3570: gcc -c   conftest.c >&5
configure:3570: $? = 0
configure:3579: result: yes
configure:3588: checking whether gcc accepts -g
configure:3608: gcc -c -g  conftest.c >&5
configure:3608: $? = 0
configure:3649: result: yes
configure:3666: checking for gcc option to accept ISO C89
configure:3730: gcc  -c -g -O2  conftest.c >&5
configure:3730: $? = 0
configure:3743: result: none needed
configure:3774: checking for style of include used by make
configure:3802: result: GNU
configure:3827: checking dependency style of gcc
configure:3937: result: gcc3
configure:3952: checking for a sed that does not truncate output
configure:4016: result: /bin/sed
configure:4034: checking for grep that handles long lines and -e
configure:4092: result: /bin/grep
configure:4097: checking for egrep
configure:4159: result: /bin/grep -E
configure:4164: checking for fgrep
configure:4226: result: /bin/grep -F
configure:4261: checking for ld used by gcc
configure:4328: result: /usr/x86_64-pc-linux-gnu/bin/ld
configure:4335: checking if the linker (/usr/x86_64-pc-linux-gnu/bin/ld) is GNU ld
configure:4350: result: yes
configure:4388: checking for BSD- or MS-compatible name lister (nm)
configure:4437: result: /usr/bin/nm -B
configure:4555: checking the name lister (/usr/bin/nm -B) interface
configure:4562: gcc -c -g -O2  conftest.c >&5
configure:4565: /usr/bin/nm -B "conftest.o"
configure:4568: output
0000000000000000 B some_variable
configure:4575: result: BSD nm
configure:4578: checking whether ln -s works
configure:4582: result: yes
configure:4590: checking the maximum length of command line arguments
configure:4710: result: 1572864
configure:4727: checking whether the shell understands some XSI constructs
configure:4737: result: yes
configure:4741: checking whether the shell understands "+="
configure:4747: result: yes
configure:4782: checking for /usr/x86_64-pc-linux-gnu/bin/ld option to reload object files
configure:4789: result: -r
configure:4858: checking for objdump
configure:4874: found /usr/bin/objdump
configure:4885: result: objdump
configure:4917: checking how to recognize dependent libraries
configure:5113: result: pass_all
configure:5173: checking for ar
configure:5189: found /usr/bin/ar
configure:5200: result: ar
configure:5278: checking for strip
configure:5294: found /usr/bin/strip
configure:5305: result: strip
configure:5377: checking for ranlib
configure:5393: found /usr/bin/ranlib
configure:5404: result: ranlib
configure:5494: checking command to parse /usr/bin/nm -B output from gcc object
configure:5612: gcc -c -g -O2  conftest.c >&5
configure:5615: $? = 0
configure:5619: /usr/bin/nm -B conftest.o \| sed -n -e 's/^.*[	 ]\([ABCDGIRSTW][ABCDGIRSTW]*\)[	 ][	 ]*\([_A-Za-z][_A-Za-z0-9]*\)$/\1 \2 \2/p' \> conftest.nm
configure:5622: $? = 0
configure:5676: gcc -o conftest -g -O2   conftest.c conftstm.o >&5
configure:5679: $? = 0
configure:5717: result: ok
configure:5813: gcc -c -g -O2  conftest.c >&5
configure:5816: $? = 0
configure:6526: checking how to run the C preprocessor
configure:6557: gcc -E  conftest.c
configure:6557: $? = 0
configure:6571: gcc -E  conftest.c
conftest.c:11:28: error: ac_nonexistent.h: No such file or directory
configure:6571: $? = 1
configure: failed program was:
| /* confdefs.h */
| #define PACKAGE_NAME "mod_transform"
| #define PACKAGE_TARNAME "mod_transform"
| #define PACKAGE_VERSION "0.7.0"
| #define PACKAGE_STRING "mod_transform 0.7.0"
| #define PACKAGE_BUGREPORT ""
| #define PACKAGE_URL ""
| #define PACKAGE "mod_transform"
| #define VERSION "0.7.0"
| /* end confdefs.h.  */
| #include <ac_nonexistent.h>
configure:6596: result: gcc -E
configure:6616: gcc -E  conftest.c
configure:6616: $? = 0
configure:6630: gcc -E  conftest.c
conftest.c:11:28: error: ac_nonexistent.h: No such file or directory
configure:6630: $? = 1
configure: failed program was:
| /* confdefs.h */
| #define PACKAGE_NAME "mod_transform"
| #define PACKAGE_TARNAME "mod_transform"
| #define PACKAGE_VERSION "0.7.0"
| #define PACKAGE_STRING "mod_transform 0.7.0"
| #define PACKAGE_BUGREPORT ""
| #define PACKAGE_URL ""
| #define PACKAGE "mod_transform"
| #define VERSION "0.7.0"
| /* end confdefs.h.  */
| #include <ac_nonexistent.h>
configure:6659: checking for ANSI C header files
configure:6679: gcc -c -g -O2  conftest.c >&5
configure:6679: $? = 0
configure:6752: gcc -o conftest -g -O2   conftest.c  >&5
configure:6752: $? = 0
configure:6752: ./conftest
configure:6752: $? = 0
configure:6763: result: yes
configure:6776: checking for sys/types.h
configure:6776: gcc -c -g -O2  conftest.c >&5
configure:6776: $? = 0
configure:6776: result: yes
configure:6776: checking for sys/stat.h
configure:6776: gcc -c -g -O2  conftest.c >&5
configure:6776: $? = 0
configure:6776: result: yes
configure:6776: checking for stdlib.h
configure:6776: gcc -c -g -O2  conftest.c >&5
configure:6776: $? = 0
configure:6776: result: yes
configure:6776: checking for string.h
configure:6776: gcc -c -g -O2  conftest.c >&5
configure:6776: $? = 0
configure:6776: result: yes
configure:6776: checking for memory.h
configure:6776: gcc -c -g -O2  conftest.c >&5
configure:6776: $? = 0
configure:6776: result: yes
configure:6776: checking for strings.h
configure:6776: gcc -c -g -O2  conftest.c >&5
configure:6776: $? = 0
configure:6776: result: yes
configure:6776: checking for inttypes.h
configure:6776: gcc -c -g -O2  conftest.c >&5
configure:6776: $? = 0
configure:6776: result: yes
configure:6776: checking for stdint.h
configure:6776: gcc -c -g -O2  conftest.c >&5
configure:6776: $? = 0
configure:6776: result: yes
configure:6776: checking for unistd.h
configure:6776: gcc -c -g -O2  conftest.c >&5
configure:6776: $? = 0
configure:6776: result: yes
configure:6791: checking for dlfcn.h
configure:6791: gcc -c -g -O2  conftest.c >&5
configure:6791: $? = 0
configure:6791: result: yes
configure:6975: checking for objdir
configure:6990: result: .libs
configure:7282: checking if gcc supports -fno-rtti -fno-exceptions
configure:7300: gcc -c -g -O2  -fno-rtti -fno-exceptions conftest.c >&5
cc1: warning: command line option "-fno-rtti" is valid for C++/ObjC++ but not for C
configure:7304: $? = 0
configure:7317: result: no
configure:7337: checking for gcc option to produce PIC
configure:7609: result: -fPIC -DPIC
configure:7621: checking if gcc PIC flag -fPIC -DPIC works
configure:7639: gcc -c -g -O2  -fPIC -DPIC -DPIC conftest.c >&5
configure:7643: $? = 0
configure:7656: result: yes
configure:7680: checking if gcc static flag -static works
configure:7708: result: yes
configure:7723: checking if gcc supports -c -o file.o
configure:7744: gcc -c -g -O2  -o out/conftest2.o conftest.c >&5
configure:7748: $? = 0
configure:7770: result: yes
configure:7778: checking if gcc supports -c -o file.o
configure:7825: result: yes
configure:7858: checking whether the gcc linker (/usr/x86_64-pc-linux-gnu/bin/ld -m elf_x86_64) supports shared libraries
configure:8844: result: yes
configure:8881: checking whether -lc should be explicitly linked in
configure:8886: gcc -c -g -O2  conftest.c >&5
configure:8889: $? = 0
configure:8904: gcc -shared conftest.o  -v -Wl,-soname -Wl,conftest -o conftest 2\>\&1 \| /bin/grep  -lc  \>/dev/null 2\>\&1
configure:8907: $? = 0
configure:8919: result: no
configure:9083: checking dynamic linker characteristics
configure:9516: gcc -o conftest -g -O2   -Wl,-rpath -Wl,/foo conftest.c  >&5
configure:9516: $? = 0
configure:9734: result: GNU/Linux ld.so
configure:9836: checking how to hardcode library paths into programs
configure:9861: result: immediate
configure:10381: checking whether stripping libraries is possible
configure:10386: result: yes
configure:10421: checking if libtool supports shared libraries
configure:10423: result: yes
configure:10426: checking whether to build shared libraries
configure:10447: result: yes
configure:10450: checking whether to build static libraries
configure:10454: result: yes
configure:10521: checking for apxs
configure:10539: found /usr/sbin/apxs
configure:10551: result: /usr/sbin/apxs
configure:10610: Using APR Config: /usr/bin/apr-1-config
configure:10703: Using APU Config: /usr/bin/apu-1-config
configure:10775: checking for Apache 2.0 version >= 2.0.40
configure:10844: gcc -o conftest -g -O2  -O2 -pipe -pthread -DLINUX=2 -D_REENTRANT -D_GNU_SOURCE  -I/usr/include/apache2  -I/usr/include/apr-1 -I/usr/include/db4.7  -I/usr/include/apr-1    conftest.c  >&5
In file included from /usr/include/apache2/ap_config.h:234,
                 from /usr/include/apache2/httpd.h:43,
                 from conftest.c:27:
/usr/include/apache2/ap_config_auto.h:204:1: warning: "PACKAGE_NAME" redefined
conftest.c:2:1: warning: this is the location of the previous definition
/usr/include/apache2/ap_config_auto.h:207:1: warning: "PACKAGE_STRING" redefined
conftest.c:5:1: warning: this is the location of the previous definition
/usr/include/apache2/ap_config_auto.h:210:1: warning: "PACKAGE_TARNAME" redefined
conftest.c:3:1: warning: this is the location of the previous definition
/usr/include/apache2/ap_config_auto.h:216:1: warning: "PACKAGE_VERSION" redefined
conftest.c:4:1: warning: this is the location of the previous definition
configure:10844: $? = 0
configure:10844: ./conftest
configure:10844: $? = 0
configure:10856: result: yes
configure:11083: checking whether DEFAULT_EXP_LIBEXECDIR is declared
configure:11083: gcc -c -g -O2  conftest.c >&5
conftest.c: In function 'main':
conftest.c:62: error: 'DEFAULT_EXP_LIBEXECDIR' undeclared (first use in this function)
conftest.c:62: error: (Each undeclared identifier is reported only once
conftest.c:62: error: for each function it appears in.)
configure:11083: $? = 1
configure: failed program was:
| /* confdefs.h */
| #define PACKAGE_NAME "mod_transform"
| #define PACKAGE_TARNAME "mod_transform"
| #define PACKAGE_VERSION "0.7.0"
| #define PACKAGE_STRING "mod_transform 0.7.0"
| #define PACKAGE_BUGREPORT ""
| #define PACKAGE_URL ""
| #define PACKAGE "mod_transform"
| #define VERSION "0.7.0"
| #define STDC_HEADERS 1
| #define HAVE_SYS_TYPES_H 1
| #define HAVE_SYS_STAT_H 1
| #define HAVE_STDLIB_H 1
| #define HAVE_STRING_H 1
| #define HAVE_MEMORY_H 1
| #define HAVE_STRINGS_H 1
| #define HAVE_INTTYPES_H 1
| #define HAVE_STDINT_H 1
| #define HAVE_UNISTD_H 1
| #define HAVE_DLFCN_H 1
| #define LT_OBJDIR ".libs/"
| #define WITH_APACHE20 1
| #define HAVE_MOD_STATUS_H 1
| /* end confdefs.h.  */
| #include <stdio.h>
| #ifdef HAVE_SYS_TYPES_H
| # include <sys/types.h>
| #endif
| #ifdef HAVE_SYS_STAT_H
| # include <sys/stat.h>
| #endif
| #ifdef STDC_HEADERS
| # include <stdlib.h>
| # include <stddef.h>
| #else
| # ifdef HAVE_STDLIB_H
| #  include <stdlib.h>
| # endif
| #endif
| #ifdef HAVE_STRING_H
| # if !defined STDC_HEADERS && defined HAVE_MEMORY_H
| #  include <memory.h>
| # endif
| # include <string.h>
| #endif
| #ifdef HAVE_STRINGS_H
| # include <strings.h>
| #endif
| #ifdef HAVE_INTTYPES_H
| # include <inttypes.h>
| #endif
| #ifdef HAVE_STDINT_H
| # include <stdint.h>
| #endif
| #ifdef HAVE_UNISTD_H
| # include <unistd.h>
| #endif
| int
| main ()
| {
| #ifndef DEFAULT_EXP_LIBEXECDIR
|   (void) DEFAULT_EXP_LIBEXECDIR;
| #endif
| 
|   ;
|   return 0;
| }
configure:11083: result: no
configure:11153: checking for xml2-config
configure:11171: found /usr/bin/xml2-config
configure:11184: result: /usr/bin/xml2-config
configure:11193: checking for libxml - version >= 2.6.11
configure:11295: gcc -o conftest -g -O2  -I/usr/include/libxml2  conftest.c -lxml2 -lz -lm  >&5
conftest.c: In function 'main':
conftest.c:39: warning: ignoring return value of 'system', declared with attribute warn_unused_result
configure:11295: $? = 0
configure:11295: ./conftest
configure:11295: $? = 0
configure:11310: result: yes (version 2.7.8)
configure:11376: checking for xmlGetGlobalState in -lxml2
configure:11401: gcc -o conftest -I/usr/include/libxml2 -g -O2  -lxml2 -lz -lm  conftest.c -lxml2   >&5
configure:11401: $? = 0
configure:11410: result: yes
configure:11463: checking for xslt-config
configure:11481: found /usr/bin/xslt-config
configure:11494: result: /usr/bin/xslt-config
configure:11503: checking for libxslt - version >= 1.1.5
configure:11606: gcc -o conftest -g -O2 -I/usr/include/libxml2   conftest.c -L/usr/lib64 -lxslt -lxml2 -lz -lm  >&5
conftest.c: In function 'main':
conftest.c:40: warning: ignoring return value of 'system', declared with attribute warn_unused_result
configure:11606: $? = 0
configure:11606: ./conftest
configure:11606: $? = 0
configure:11621: result: yes (version 1.1.26)
configure:11814: creating ./config.status

## ---------------------- ##
## Running config.status. ##
## ---------------------- ##

This file was extended by mod_transform config.status 0.7.0, which was
generated by GNU Autoconf 2.65.  Invocation command line was

  CONFIG_FILES    = 
  CONFIG_HEADERS  = 
  CONFIG_LINKS    = 
  CONFIG_COMMANDS = 
  $ ./config.status 

on deus

config.status:1111: creating Makefile
config.status:1111: creating src/Makefile
config.status:1111: creating include/mod_transform_config.h
config.status:1331: executing depfiles commands
config.status:1331: executing libtool commands

## ---------------- ##
## Cache variables. ##
## ---------------- ##

ac_cv_build=x86_64-unknown-linux-gnu
ac_cv_c_compiler_gnu=yes
ac_cv_env_CC_set=
ac_cv_env_CC_value=
ac_cv_env_CFLAGS_set=
ac_cv_env_CFLAGS_value=
ac_cv_env_CPPFLAGS_set=
ac_cv_env_CPPFLAGS_value=
ac_cv_env_CPP_set=
ac_cv_env_CPP_value=
ac_cv_env_LDFLAGS_set=
ac_cv_env_LDFLAGS_value=
ac_cv_env_LIBS_set=
ac_cv_env_LIBS_value=
ac_cv_env_build_alias_set=
ac_cv_env_build_alias_value=
ac_cv_env_host_alias_set=
ac_cv_env_host_alias_value=
ac_cv_env_target_alias_set=
ac_cv_env_target_alias_value=
ac_cv_have_decl_DEFAULT_EXP_LIBEXECDIR=no
ac_cv_header_dlfcn_h=yes
ac_cv_header_inttypes_h=yes
ac_cv_header_memory_h=yes
ac_cv_header_stdc=yes
ac_cv_header_stdint_h=yes
ac_cv_header_stdlib_h=yes
ac_cv_header_string_h=yes
ac_cv_header_strings_h=yes
ac_cv_header_sys_stat_h=yes
ac_cv_header_sys_types_h=yes
ac_cv_header_unistd_h=yes
ac_cv_host=x86_64-unknown-linux-gnu
ac_cv_lib_xml2_xmlGetGlobalState=yes
ac_cv_objext=o
ac_cv_path_APXS_BIN=/usr/sbin/apxs
ac_cv_path_EGREP='/bin/grep -E'
ac_cv_path_FGREP='/bin/grep -F'
ac_cv_path_GREP=/bin/grep
ac_cv_path_SED=/bin/sed
ac_cv_path_XML2_CONFIG=/usr/bin/xml2-config
ac_cv_path_XSLT_CONFIG=/usr/bin/xslt-config
ac_cv_path_install='/usr/bin/install -c'
ac_cv_path_mkdir=/bin/mkdir
ac_cv_prog_AWK=gawk
ac_cv_prog_CPP='gcc -E'
ac_cv_prog_ac_ct_AR=ar
ac_cv_prog_ac_ct_CC=gcc
ac_cv_prog_ac_ct_OBJDUMP=objdump
ac_cv_prog_ac_ct_RANLIB=ranlib
ac_cv_prog_ac_ct_STRIP=strip
ac_cv_prog_cc_c89=
ac_cv_prog_cc_g=yes
ac_cv_prog_make_make_set=yes
ac_cv_target=x86_64-unknown-linux-gnu
am_cv_CC_dependencies_compiler_type=gcc3
lt_cv_deplibs_check_method=pass_all
lt_cv_file_magic_cmd='$MAGIC_CMD'
lt_cv_file_magic_test_file=
lt_cv_ld_reload_flag=-r
lt_cv_nm_interface='BSD nm'
lt_cv_objdir=.libs
lt_cv_path_LD=/usr/x86_64-pc-linux-gnu/bin/ld
lt_cv_path_NM='/usr/bin/nm -B'
lt_cv_prog_compiler_c_o=yes
lt_cv_prog_compiler_pic_works=yes
lt_cv_prog_compiler_rtti_exceptions=no
lt_cv_prog_compiler_static_works=yes
lt_cv_prog_gnu_ld=yes
lt_cv_sys_global_symbol_pipe='sed -n -e '\''s/^.*[	 ]\([ABCDGIRSTW][ABCDGIRSTW]*\)[	 ][	 ]*\([_A-Za-z][_A-Za-z0-9]*\)$/\1 \2 \2/p'\'''
lt_cv_sys_global_symbol_to_c_name_address='sed -n -e '\''s/^: \([^ ]*\) $/  {\"\1\", (void *) 0},/p'\'' -e '\''s/^[ABCDGIRSTW]* \([^ ]*\) \([^ ]*\)$/  {"\2", (void *) \&\2},/p'\'''
lt_cv_sys_global_symbol_to_c_name_address_lib_prefix='sed -n -e '\''s/^: \([^ ]*\) $/  {\"\1\", (void *) 0},/p'\'' -e '\''s/^[ABCDGIRSTW]* \([^ ]*\) \(lib[^ ]*\)$/  {"\2", (void *) \&\2},/p'\'' -e '\''s/^[ABCDGIRSTW]* \([^ ]*\) \([^ ]*\)$/  {"lib\2", (void *) \&\2},/p'\'''
lt_cv_sys_global_symbol_to_cdecl='sed -n -e '\''s/^T .* \(.*\)$/extern int \1();/p'\'' -e '\''s/^[ABCDGIRSTW]* .* \(.*\)$/extern char \1;/p'\'''
lt_cv_sys_max_cmd_len=1572864

## ----------------- ##
## Output variables. ##
## ----------------- ##

ACLOCAL='${SHELL} /var/lib/trac/apache/modules/mod-transform-html-xslt-2p2/missing --run aclocal-1.11'
AMDEPBACKSLASH='\'
AMDEP_FALSE='#'
AMDEP_TRUE=''
AMTAR='${SHELL} /var/lib/trac/apache/modules/mod-transform-html-xslt-2p2/missing --run tar'
APR_CFLAGS='  -pthread'
APR_CONFIG='/usr/bin/apr-1-config'
APR_CPPFLAGS=' -DLINUX=2 -D_REENTRANT -D_GNU_SOURCE'
APR_INCLUDEDIR='/usr/include/apr-1'
APR_INCLUDES=' -I/usr/include/apr-1 '
APR_LDFLAGS=' -L/usr/lib64 -lapr-1'
APR_LIBS=' -luuid -lrt -lcrypt  -lpthread -ldl'
APR_LIBTOOL=' /usr/lib64/libapr-1.la'
APR_VERSION='1.4.2'
APU_CONFIG='/usr/bin/apu-1-config'
APU_INCLUDEDIR='/usr/include/apr-1'
APU_INCLUDES=' -I/usr/include/apr-1 -I/usr/include/db4.7'
APU_LDFLAGS=' -L/usr/lib64 -laprutil-1'
APU_LIBS=' -lldap -llber -llber -ldb-4.7  -lgdbm  -lexpat'
APU_LIBTOOL=' /usr/lib64/libaprutil-1.la'
APU_VERSION='1.3.10'
APXS_BIN='/usr/sbin/apxs'
APXS_CFLAGS=' -O2 -pipe -pthread -DLINUX=2 -D_REENTRANT -D_GNU_SOURCE '
APXS_EXTENSION='.la'
AP_BINDIR='/usr/bin'
AP_CFLAGS=' -O2 -pipe -pthread -DLINUX=2 -D_REENTRANT -D_GNU_SOURCE  -I/usr/include/apache2  -I/usr/include/apr-1 -I/usr/include/db4.7  -I/usr/include/apr-1 '
AP_CPPFLAGS=' -I/usr/include/apache2  -I/usr/include/apr-1 -I/usr/include/db4.7  -I/usr/include/apr-1 '
AP_DEFS='-DWITH_APACHE20'
AP_INCLUDEDIR='/usr/include/apache2'
AP_INCLUDES='-I/usr/include/apache2'
AP_LIBEXECDIR='/usr/lib64/apache2/modules'
AP_PREFIX='/usr'
AP_SBINDIR='/usr/sbin'
AP_SYSCONFDIR='/etc/apache2'
AP_VERSION='2.0'
AR='ar'
AUTOCONF='${SHELL} /var/lib/trac/apache/modules/mod-transform-html-xslt-2p2/missing --run autoconf'
AUTOHEADER='${SHELL} /var/lib/trac/apache/modules/mod-transform-html-xslt-2p2/missing --run autoheader'
AUTOMAKE='${SHELL} /var/lib/trac/apache/modules/mod-transform-html-xslt-2p2/missing --run automake-1.11'
AWK='gawk'
CC='gcc'
CCDEPMODE='depmode=gcc3'
CFLAGS='-g -O2'
CPP='gcc -E'
CPPFLAGS=''
CYGPATH_W='echo'
DEFS='-DHAVE_CONFIG_H'
DEPDIR='.deps'
DSYMUTIL=''
DUMPBIN=''
ECHO_C=''
ECHO_N='-n'
ECHO_T=''
EGREP='/bin/grep -E'
EXEEXT=''
FGREP='/bin/grep -F'
GREP='/bin/grep'
INSTALL_DATA='${INSTALL} -m 644'
INSTALL_PROGRAM='${INSTALL}'
INSTALL_SCRIPT='${INSTALL}'
INSTALL_STRIP_PROGRAM='$(install_sh) -c -s'
LD='/usr/x86_64-pc-linux-gnu/bin/ld -m elf_x86_64'
LDFLAGS=''
LIBOBJS=''
LIBS=''
LIBTOOL='/usr/bin/libtool'
LIPO=''
LN_S='ln -s'
LTLIBOBJS=''
MAINT='#'
MAINTAINER_MODE_FALSE=''
MAINTAINER_MODE_TRUE='#'
MAKEINFO='${SHELL} /var/lib/trac/apache/modules/mod-transform-html-xslt-2p2/missing --run makeinfo'
MKDIR_P='/bin/mkdir -p'
MODULE_CFLAGS=' -O2 -pipe -pthread -DLINUX=2 -D_REENTRANT -D_GNU_SOURCE  -I/usr/include/apache2  -I/usr/include/apr-1   -I/usr/include/apr-1 -I/usr/include/db4.7'
NM='/usr/bin/nm -B'
NMEDIT=''
OBJDUMP='objdump'
OBJEXT='o'
OTOOL64=''
OTOOL=''
PACKAGE='mod_transform'
PACKAGE_BUGREPORT=''
PACKAGE_NAME='mod_transform'
PACKAGE_STRING='mod_transform 0.7.0'
PACKAGE_TARNAME='mod_transform'
PACKAGE_URL=''
PACKAGE_VERSION='0.7.0'
PATH_SEPARATOR=':'
RANLIB='ranlib'
SED='/bin/sed'
SET_MAKE=''
SHELL='/bin/sh'
STRIP='strip'
VERSION='0.7.0'
XML2_CONFIG='/usr/bin/xml2-config'
XML_CPPFLAGS='-I/usr/include/libxml2'
XML_LIBS='-lxml2 -lz -lm'
XSLT_CFLAGS='-I/usr/include/libxml2'
XSLT_CONFIG='/usr/bin/xslt-config'
XSLT_LIBS='-L/usr/lib64 -lxslt -lxml2 -lz -lm'
ac_ct_CC='gcc'
ac_ct_DUMPBIN=''
am__EXEEXT_FALSE=''
am__EXEEXT_TRUE='#'
am__fastdepCC_FALSE='#'
am__fastdepCC_TRUE=''
am__include='include'
am__isrc=''
am__leading_dot='.'
am__quote=''
am__tar='${AMTAR} chof - "$$tardir"'
am__untar='${AMTAR} xf -'
bindir='${exec_prefix}/bin'
build='x86_64-unknown-linux-gnu'
build_alias=''
build_cpu='x86_64'
build_os='linux-gnu'
build_vendor='unknown'
datadir='${datarootdir}'
datarootdir='${prefix}/share'
docdir='${datarootdir}/doc/${PACKAGE_TARNAME}'
dvidir='${docdir}'
exec_prefix='${prefix}'
host='x86_64-unknown-linux-gnu'
host_alias=''
host_cpu='x86_64'
host_os='linux-gnu'
host_vendor='unknown'
htmldir='${docdir}'
includedir='${prefix}/include'
infodir='${datarootdir}/info'
install_sh='${SHELL} /var/lib/trac/apache/modules/mod-transform-html-xslt-2p2/install-sh'
libdir='${exec_prefix}/lib'
libexecdir='${exec_prefix}/libexec'
localedir='${datarootdir}/locale'
localstatedir='${prefix}/var'
lt_ECHO='echo'
mandir='${datarootdir}/man'
mkdir_p='/bin/mkdir -p'
oldincludedir='/usr/include'
pdfdir='${docdir}'
prefix='/usr/local'
program_transform_name='s,x,x,'
psdir='${docdir}'
sbindir='${exec_prefix}/sbin'
sharedstatedir='${prefix}/com'
sysconfdir='${prefix}/etc'
target='x86_64-unknown-linux-gnu'
target_alias=''
target_cpu='x86_64'
target_os='linux-gnu'
target_vendor='unknown'

## ----------- ##
## confdefs.h. ##
## ----------- ##

/* confdefs.h */
#define PACKAGE_NAME "mod_transform"
#define PACKAGE_TARNAME "mod_transform"
#define PACKAGE_VERSION "0.7.0"
#define PACKAGE_STRING "mod_transform 0.7.0"
#define PACKAGE_BUGREPORT ""
#define PACKAGE_URL ""
#define PACKAGE "mod_transform"
#define VERSION "0.7.0"
#define STDC_HEADERS 1
#define HAVE_SYS_TYPES_H 1
#define HAVE_SYS_STAT_H 1
#define HAVE_STDLIB_H 1
#define HAVE_STRING_H 1
#define HAVE_MEMORY_H 1
#define HAVE_STRINGS_H 1
#define HAVE_INTTYPES_H 1
#define HAVE_STDINT_H 1
#define HAVE_UNISTD_H 1
#define HAVE_DLFCN_H 1
#define LT_OBJDIR ".libs/"
#define WITH_APACHE20 1
#define HAVE_MOD_STATUS_H 1
#define DEFAULT_EXP_LIBEXECDIR "/usr/lib64/apache2/modules"
#define HAVE_LIBXML_THREADS /**/

configure: exit 0
